<?xml version="1.0" encoding="UTF-8"?>
<!-- Generated by org.testng.reporters.JUnitXMLReporter -->
<testsuite hostname="LAPTOP-KLD48MHA" ignored="0" name="Test" tests="7" failures="0" timestamp="2020-12-18T01:05:11 IST" time="0.11" errors="0">
  <testcase name="testthis" time="0.011" classname="qaclickacademy.Mavenjava.App"/>
  <testcase name="deleteTwitter" time="0.0" classname="qaclickacademy.Mavenjava.RestApiTest"/>
  <testcase name="postJira" time="0.007" classname="qaclickacademy.Mavenjava.RestApiTest"/>
  <testcase name="NativeAppAndroid" time="0.001" classname="qaclickacademy.Mavenjava.AppiumTest"/>
  <testcase name="iosApp" time="0.004" classname="qaclickacademy.Mavenjava.AppiumTest"/>
  <testcase name="browserAutomation" time="0.0" classname="qaclickacademy.Mavenjava.SeleniumTest"/>
  <testcase name="elementsUI" time="0.0" classname="qaclickacademy.Mavenjava.SeleniumTest"/>
</testsuite> <!-- Test -->
