<?xml version="1.0" encoding="UTF-8"?>
<!-- Generated by org.testng.reporters.JUnitXMLReporter -->
<testsuite hostname="LAPTOP-KLD48MHA" ignored="0" name="Command line test" tests="6" failures="0" timestamp="2020-12-18T01:46:32 IST" time="0.058" errors="0">
  <testcase name="NativeAppAndroid" time="0.006" classname="qaclickacademy.Mavenjava.AppiumTest"/>
  <testcase name="iosApp" time="0.0" classname="qaclickacademy.Mavenjava.AppiumTest"/>
  <testcase name="deleteTwitter" time="0.001" classname="qaclickacademy.Mavenjava.RestApiTest"/>
  <testcase name="postJira" time="0.001" classname="qaclickacademy.Mavenjava.RestApiTest"/>
  <testcase name="browserAutomation" time="0.0" classname="qaclickacademy.Mavenjava.SeleniumTest"/>
  <testcase name="elementsUI" time="0.001" classname="qaclickacademy.Mavenjava.SeleniumTest"/>
</testsuite> <!-- Command line test -->
