<?xml version="1.0" encoding="UTF-8"?>
<!-- Generated by org.testng.reporters.JUnitXMLReporter -->
<testsuite hostname="LAPTOP-KLD48MHA" ignored="0" name="Test" tests="5" failures="0" timestamp="2020-12-18T01:56:36 IST" time="0.063" errors="0">
  <testcase name="testthis" time="0.005" classname="qaclickacademy.Mavenjava.App"/>
  <testcase name="deleteTwitter" time="0.0" classname="qaclickacademy.Mavenjava.RestApiTest"/>
  <testcase name="postJira" time="0.0" classname="qaclickacademy.Mavenjava.RestApiTest"/>
  <testcase name="NativeAppAndroid" time="0.0" classname="qaclickacademy.Mavenjava.AppiumTest"/>
  <testcase name="iosApp" time="0.0" classname="qaclickacademy.Mavenjava.AppiumTest"/>
</testsuite> <!-- Test -->
